2019-08-28 09:02:06,356 [Worker-4] INFO  o.e.m.c.i.p.ProjectConfigurationManager - Collecting project info '/pom.xml' C:\hcljava\uttam1\ProductOrder\pom.xml
2019-08-28 09:02:07,805 [Worker-4] INFO  o.e.m.c.i.l.LifecycleMappingFactory - Using org.eclipse.m2e.jdt.JarLifecycleMapping lifecycle mapping for MavenProject: hcl:ProductOrder:0.0.1-SNAPSHOT @ C:\hcljava\uttam1\ProductOrder\pom.xml.
2019-08-28 09:02:09,128 [Worker-4] INFO  o.e.m.j.i.AbstractJavaProjectConfigurator - Adding source folder /ProductOrder/src/main/java
2019-08-28 09:02:09,138 [Worker-4] INFO  o.e.m.j.i.AbstractJavaProjectConfigurator - Adding source folder /ProductOrder/src/test/java
2019-08-28 09:02:09,873 [Worker-4] INFO  o.e.m.c.i.p.ProjectConfigurationManager - Imported and configured 1 project(s) in 3 sec
2019-08-28 09:02:10,441 [Worker-2] INFO  o.e.m.c.i.embedder.EclipseLogger - Using 'UTF-8' encoding to copy filtered resources.
2019-08-28 09:02:10,441 [Worker-2] INFO  o.e.m.c.i.embedder.EclipseLogger - skip non existing resourceDirectory C:\hcljava\uttam1\ProductOrder\src\main\resources
2019-08-28 09:02:10,444 [Worker-2] INFO  o.e.m.c.i.embedder.EclipseLogger - Using 'UTF-8' encoding to copy filtered resources.
2019-08-28 09:02:10,444 [Worker-2] INFO  o.e.m.c.i.embedder.EclipseLogger - skip non existing resourceDirectory C:\hcljava\uttam1\ProductOrder\src\test\resources
2019-08-28 09:02:19,248 [Worker-20] INFO  o.e.m.c.i.embedder.EclipseLogger - Using 'UTF-8' encoding to copy filtered resources.
2019-08-28 09:02:19,248 [Worker-20] INFO  o.e.m.c.i.embedder.EclipseLogger - skip non existing resourceDirectory C:\hcljava\uttam1\ProductOrder\src\main\resources
2019-08-28 09:02:19,250 [Worker-20] INFO  o.e.m.c.i.embedder.EclipseLogger - Using 'UTF-8' encoding to copy filtered resources.
2019-08-28 09:02:19,250 [Worker-20] INFO  o.e.m.c.i.embedder.EclipseLogger - skip non existing resourceDirectory C:\hcljava\uttam1\ProductOrder\src\test\resources
2019-08-28 09:03:05,074 [Worker-18] INFO  o.e.m.c.i.embedder.EclipseLogger - Using 'UTF-8' encoding to copy filtered resources.
2019-08-28 09:03:05,074 [Worker-18] INFO  o.e.m.c.i.embedder.EclipseLogger - skip non existing resourceDirectory C:\hcljava\uttam1\ProductOrder\src\main\resources
2019-08-28 09:03:05,076 [Worker-18] INFO  o.e.m.c.i.embedder.EclipseLogger - Using 'UTF-8' encoding to copy filtered resources.
2019-08-28 09:03:05,083 [Worker-18] INFO  o.e.m.c.i.embedder.EclipseLogger - skip non existing resourceDirectory C:\hcljava\uttam1\ProductOrder\src\test\resources
2019-08-28 09:03:16,410 [Worker-18] INFO  o.e.m.c.i.embedder.EclipseLogger - Using 'UTF-8' encoding to copy filtered resources.
2019-08-28 09:03:16,410 [Worker-18] INFO  o.e.m.c.i.embedder.EclipseLogger - skip non existing resourceDirectory C:\hcljava\uttam1\ProductOrder\src\main\resources
2019-08-28 09:03:16,411 [Worker-18] INFO  o.e.m.c.i.embedder.EclipseLogger - Using 'UTF-8' encoding to copy filtered resources.
2019-08-28 09:03:16,418 [Worker-18] INFO  o.e.m.c.i.embedder.EclipseLogger - skip non existing resourceDirectory C:\hcljava\uttam1\ProductOrder\src\test\resources
2019-08-28 09:03:17,466 [Worker-16] INFO  o.e.m.c.i.embedder.EclipseLogger - Using 'UTF-8' encoding to copy filtered resources.
2019-08-28 09:03:17,506 [Worker-16] INFO  o.e.m.c.i.embedder.EclipseLogger - skip non existing resourceDirectory C:\hcljava\uttam1\ProductOrder\src\main\resources
2019-08-28 09:03:17,516 [Worker-16] INFO  o.e.m.c.i.embedder.EclipseLogger - Using 'UTF-8' encoding to copy filtered resources.
2019-08-28 09:03:17,526 [Worker-16] INFO  o.e.m.c.i.embedder.EclipseLogger - skip non existing resourceDirectory C:\hcljava\uttam1\ProductOrder\src\test\resources
2019-08-28 09:07:09,836 [Worker-4] WARN  o.e.r.models.ModelRepository - Failed to download org.eclipse.recommenders:index::zip:0.0.0
org.eclipse.aether.resolution.ArtifactResolutionException: Could not find artifact org.eclipse.recommenders:index:zip:0.0.0-SNAPSHOT in models (http://download.eclipse.org/recommenders/models/mars/)
	at org.eclipse.aether.internal.impl.DefaultArtifactResolver.resolve(DefaultArtifactResolver.java:444) ~[na:na]
	at org.eclipse.aether.internal.impl.DefaultArtifactResolver.resolveArtifacts(DefaultArtifactResolver.java:246) ~[na:na]
	at org.eclipse.aether.internal.impl.DefaultArtifactResolver.resolveArtifact(DefaultArtifactResolver.java:223) ~[na:na]
	at org.eclipse.aether.internal.impl.DefaultRepositorySystem.resolveArtifact(DefaultRepositorySystem.java:294) ~[na:na]
	at org.eclipse.recommenders.models.ModelRepository.resolveInternal(ModelRepository.java:192) [org.eclipse.recommenders.models_2.3.0.v20160216-1255.jar:na]
	at org.eclipse.recommenders.models.ModelRepository.resolve(ModelRepository.java:174) [org.eclipse.recommenders.models_2.3.0.v20160216-1255.jar:na]
	at org.eclipse.recommenders.internal.models.rcp.EclipseModelRepository.resolve(EclipseModelRepository.java:165) [org.eclipse.recommenders.models.rcp_2.3.0.v20160216-1255.jar:na]
	at org.eclipse.recommenders.internal.models.rcp.DownloadModelArchiveJob.run(DownloadModelArchiveJob.java:76) [org.eclipse.recommenders.models.rcp_2.3.0.v20160216-1255.jar:na]
	at org.eclipse.core.internal.jobs.Worker.run(Worker.java:55) [org.eclipse.core.jobs_3.7.0.v20150330-2103.jar:na]
Caused by: org.eclipse.aether.transfer.ArtifactNotFoundException: Could not find artifact org.eclipse.recommenders:index:zip:0.0.0-SNAPSHOT in models (http://download.eclipse.org/recommenders/models/mars/)
	at org.eclipse.aether.connector.basic.ArtifactTransportListener.transferFailed(ArtifactTransportListener.java:39) ~[org.eclipse.aether.connector.basic_1.0.1.v20141111.jar:na]
	at org.eclipse.aether.connector.basic.BasicRepositoryConnector$TaskRunner.run(BasicRepositoryConnector.java:355) ~[org.eclipse.aether.connector.basic_1.0.1.v20141111.jar:na]
	at org.eclipse.aether.util.concurrency.RunnableErrorForwarder$1.run(RunnableErrorForwarder.java:67) ~[na:na]
	at org.eclipse.aether.connector.basic.BasicRepositoryConnector$DirectExecutor.execute(BasicRepositoryConnector.java:581) ~[org.eclipse.aether.connector.basic_1.0.1.v20141111.jar:na]
	at org.eclipse.aether.connector.basic.BasicRepositoryConnector.get(BasicRepositoryConnector.java:249) ~[org.eclipse.aether.connector.basic_1.0.1.v20141111.jar:na]
	at org.eclipse.aether.internal.impl.DefaultArtifactResolver.performDownloads(DefaultArtifactResolver.java:520) ~[na:na]
	at org.eclipse.aether.internal.impl.DefaultArtifactResolver.resolve(DefaultArtifactResolver.java:421) ~[na:na]
	... 8 common frames omitted
2019-08-28 09:09:01,201 [Worker-19] INFO  o.e.m.c.i.embedder.EclipseLogger - Using 'UTF-8' encoding to copy filtered resources.
2019-08-28 09:09:01,202 [Worker-19] INFO  o.e.m.c.i.embedder.EclipseLogger - skip non existing resourceDirectory C:\hcljava\uttam1\ProductOrder\src\main\resources
2019-08-28 09:09:01,212 [Worker-19] INFO  o.e.m.c.i.embedder.EclipseLogger - Using 'UTF-8' encoding to copy filtered resources.
2019-08-28 09:09:01,220 [Worker-19] INFO  o.e.m.c.i.embedder.EclipseLogger - skip non existing resourceDirectory C:\hcljava\uttam1\ProductOrder\src\test\resources
2019-08-28 09:10:29,247 [Worker-21] INFO  o.e.m.c.i.l.LifecycleMappingFactory - Using org.eclipse.m2e.jdt.JarLifecycleMapping lifecycle mapping for MavenProject: hcl:ProductOrder:0.0.1-SNAPSHOT @ C:\hcljava\uttam1\ProductOrder\pom.xml.
2019-08-28 09:10:29,693 [Worker-21] INFO  o.e.m.c.i.embedder.EclipseLogger - Using 'UTF-8' encoding to copy filtered resources.
2019-08-28 09:10:29,699 [Worker-21] INFO  o.e.m.c.i.embedder.EclipseLogger - skip non existing resourceDirectory C:\hcljava\uttam1\ProductOrder\src\main\resources
2019-08-28 09:10:29,707 [Worker-21] INFO  o.e.m.c.i.embedder.EclipseLogger - Using 'UTF-8' encoding to copy filtered resources.
2019-08-28 09:10:29,713 [Worker-21] INFO  o.e.m.c.i.embedder.EclipseLogger - skip non existing resourceDirectory C:\hcljava\uttam1\ProductOrder\src\test\resources
2019-08-28 09:10:31,818 [Worker-2] INFO  o.e.m.c.i.embedder.EclipseLogger - Using 'UTF-8' encoding to copy filtered resources.
2019-08-28 09:10:31,830 [Worker-2] INFO  o.e.m.c.i.embedder.EclipseLogger - skip non existing resourceDirectory C:\hcljava\uttam1\ProductOrder\src\main\resources
2019-08-28 09:10:31,838 [Worker-2] INFO  o.e.m.c.i.embedder.EclipseLogger - Using 'UTF-8' encoding to copy filtered resources.
2019-08-28 09:10:31,845 [Worker-2] INFO  o.e.m.c.i.embedder.EclipseLogger - skip non existing resourceDirectory C:\hcljava\uttam1\ProductOrder\src\test\resources
2019-08-28 09:11:11,236 [Worker-18] INFO  o.e.m.c.i.embedder.EclipseLogger - Using 'UTF-8' encoding to copy filtered resources.
2019-08-28 09:11:11,287 [Worker-18] INFO  o.e.m.c.i.embedder.EclipseLogger - skip non existing resourceDirectory C:\hcljava\uttam1\ProductOrder\src\main\resources
2019-08-28 09:11:11,298 [Worker-18] INFO  o.e.m.c.i.embedder.EclipseLogger - Using 'UTF-8' encoding to copy filtered resources.
2019-08-28 09:11:11,313 [Worker-18] INFO  o.e.m.c.i.embedder.EclipseLogger - skip non existing resourceDirectory C:\hcljava\uttam1\ProductOrder\src\test\resources
2019-08-28 09:11:27,941 [Worker-21] INFO  o.e.m.c.i.embedder.EclipseLogger - Using 'UTF-8' encoding to copy filtered resources.
2019-08-28 09:11:27,954 [Worker-21] INFO  o.e.m.c.i.embedder.EclipseLogger - skip non existing resourceDirectory C:\hcljava\uttam1\ProductOrder\src\main\resources
2019-08-28 09:11:27,969 [Worker-21] INFO  o.e.m.c.i.embedder.EclipseLogger - Using 'UTF-8' encoding to copy filtered resources.
2019-08-28 09:11:27,979 [Worker-21] INFO  o.e.m.c.i.embedder.EclipseLogger - skip non existing resourceDirectory C:\hcljava\uttam1\ProductOrder\src\test\resources
2019-08-28 09:16:17,499 [Worker-21] INFO  o.e.m.c.i.embedder.EclipseLogger - Using 'UTF-8' encoding to copy filtered resources.
2019-08-28 09:16:17,535 [Worker-21] INFO  o.e.m.c.i.embedder.EclipseLogger - skip non existing resourceDirectory C:\hcljava\uttam1\ProductOrder\src\main\resources
2019-08-28 09:16:17,556 [Worker-21] INFO  o.e.m.c.i.embedder.EclipseLogger - Using 'UTF-8' encoding to copy filtered resources.
2019-08-28 09:16:17,565 [Worker-21] INFO  o.e.m.c.i.embedder.EclipseLogger - skip non existing resourceDirectory C:\hcljava\uttam1\ProductOrder\src\test\resources
2019-08-28 09:21:48,141 [Worker-24] INFO  o.e.m.c.i.embedder.EclipseLogger - Using 'UTF-8' encoding to copy filtered resources.
2019-08-28 09:21:48,149 [Worker-24] INFO  o.e.m.c.i.embedder.EclipseLogger - skip non existing resourceDirectory C:\hcljava\uttam1\ProductOrder\src\main\resources
2019-08-28 09:21:48,155 [Worker-24] INFO  o.e.m.c.i.embedder.EclipseLogger - Using 'UTF-8' encoding to copy filtered resources.
2019-08-28 09:21:48,162 [Worker-24] INFO  o.e.m.c.i.embedder.EclipseLogger - skip non existing resourceDirectory C:\hcljava\uttam1\ProductOrder\src\test\resources
2019-08-28 09:23:05,033 [Worker-18] INFO  o.e.m.c.i.embedder.EclipseLogger - Using 'UTF-8' encoding to copy filtered resources.
2019-08-28 09:23:05,042 [Worker-18] INFO  o.e.m.c.i.embedder.EclipseLogger - skip non existing resourceDirectory C:\hcljava\uttam1\ProductOrder\src\main\resources
2019-08-28 09:23:05,052 [Worker-18] INFO  o.e.m.c.i.embedder.EclipseLogger - Using 'UTF-8' encoding to copy filtered resources.
2019-08-28 09:23:05,059 [Worker-18] INFO  o.e.m.c.i.embedder.EclipseLogger - skip non existing resourceDirectory C:\hcljava\uttam1\ProductOrder\src\test\resources
2019-08-28 09:23:20,833 [Worker-24] INFO  o.e.m.c.i.embedder.EclipseLogger - Using 'UTF-8' encoding to copy filtered resources.
2019-08-28 09:23:20,839 [Worker-24] INFO  o.e.m.c.i.embedder.EclipseLogger - skip non existing resourceDirectory C:\hcljava\uttam1\ProductOrder\src\main\resources
2019-08-28 09:23:20,846 [Worker-24] INFO  o.e.m.c.i.embedder.EclipseLogger - Using 'UTF-8' encoding to copy filtered resources.
2019-08-28 09:23:20,853 [Worker-24] INFO  o.e.m.c.i.embedder.EclipseLogger - skip non existing resourceDirectory C:\hcljava\uttam1\ProductOrder\src\test\resources
2019-08-28 09:26:25,795 [Worker-23] INFO  o.e.m.c.i.embedder.EclipseLogger - Using 'UTF-8' encoding to copy filtered resources.
2019-08-28 09:26:25,803 [Worker-23] INFO  o.e.m.c.i.embedder.EclipseLogger - skip non existing resourceDirectory C:\hcljava\uttam1\ProductOrder\src\main\resources
2019-08-28 09:26:25,812 [Worker-23] INFO  o.e.m.c.i.embedder.EclipseLogger - Using 'UTF-8' encoding to copy filtered resources.
2019-08-28 09:26:25,817 [Worker-23] INFO  o.e.m.c.i.embedder.EclipseLogger - skip non existing resourceDirectory C:\hcljava\uttam1\ProductOrder\src\test\resources
2019-08-28 09:26:49,266 [Worker-28] INFO  o.e.m.c.i.embedder.EclipseLogger - Using 'UTF-8' encoding to copy filtered resources.
2019-08-28 09:26:49,276 [Worker-28] INFO  o.e.m.c.i.embedder.EclipseLogger - skip non existing resourceDirectory C:\hcljava\uttam1\ProductOrder\src\main\resources
2019-08-28 09:26:49,287 [Worker-28] INFO  o.e.m.c.i.embedder.EclipseLogger - Using 'UTF-8' encoding to copy filtered resources.
2019-08-28 09:26:49,295 [Worker-28] INFO  o.e.m.c.i.embedder.EclipseLogger - skip non existing resourceDirectory C:\hcljava\uttam1\ProductOrder\src\test\resources
2019-08-28 09:36:24,337 [Worker-32] INFO  o.e.m.c.i.embedder.EclipseLogger - Using 'UTF-8' encoding to copy filtered resources.
2019-08-28 09:36:24,350 [Worker-32] INFO  o.e.m.c.i.embedder.EclipseLogger - skip non existing resourceDirectory C:\hcljava\uttam1\ProductOrder\src\main\resources
2019-08-28 09:36:24,360 [Worker-32] INFO  o.e.m.c.i.embedder.EclipseLogger - Using 'UTF-8' encoding to copy filtered resources.
2019-08-28 09:36:24,370 [Worker-32] INFO  o.e.m.c.i.embedder.EclipseLogger - skip non existing resourceDirectory C:\hcljava\uttam1\ProductOrder\src\test\resources
2019-08-28 09:37:35,577 [Worker-23] INFO  o.e.m.c.i.embedder.EclipseLogger - Using 'UTF-8' encoding to copy filtered resources.
2019-08-28 09:37:35,586 [Worker-23] INFO  o.e.m.c.i.embedder.EclipseLogger - skip non existing resourceDirectory C:\hcljava\uttam1\ProductOrder\src\main\resources
2019-08-28 09:37:35,594 [Worker-23] INFO  o.e.m.c.i.embedder.EclipseLogger - Using 'UTF-8' encoding to copy filtered resources.
2019-08-28 09:37:35,599 [Worker-23] INFO  o.e.m.c.i.embedder.EclipseLogger - skip non existing resourceDirectory C:\hcljava\uttam1\ProductOrder\src\test\resources
2019-08-28 09:39:28,292 [Worker-23] INFO  o.e.m.c.i.embedder.EclipseLogger - Using 'UTF-8' encoding to copy filtered resources.
2019-08-28 09:39:28,300 [Worker-23] INFO  o.e.m.c.i.embedder.EclipseLogger - skip non existing resourceDirectory C:\hcljava\uttam1\ProductOrder\src\main\resources
2019-08-28 09:39:28,310 [Worker-23] INFO  o.e.m.c.i.embedder.EclipseLogger - Using 'UTF-8' encoding to copy filtered resources.
2019-08-28 09:39:28,319 [Worker-23] INFO  o.e.m.c.i.embedder.EclipseLogger - skip non existing resourceDirectory C:\hcljava\uttam1\ProductOrder\src\test\resources
2019-08-28 09:40:23,979 [Worker-28] INFO  o.e.m.c.i.embedder.EclipseLogger - Using 'UTF-8' encoding to copy filtered resources.
2019-08-28 09:40:23,985 [Worker-28] INFO  o.e.m.c.i.embedder.EclipseLogger - skip non existing resourceDirectory C:\hcljava\uttam1\ProductOrder\src\main\resources
2019-08-28 09:40:23,992 [Worker-28] INFO  o.e.m.c.i.embedder.EclipseLogger - Using 'UTF-8' encoding to copy filtered resources.
2019-08-28 09:40:23,997 [Worker-28] INFO  o.e.m.c.i.embedder.EclipseLogger - skip non existing resourceDirectory C:\hcljava\uttam1\ProductOrder\src\test\resources
2019-08-28 09:41:31,020 [Worker-23] INFO  o.e.m.c.i.embedder.EclipseLogger - Using 'UTF-8' encoding to copy filtered resources.
2019-08-28 09:41:31,029 [Worker-23] INFO  o.e.m.c.i.embedder.EclipseLogger - skip non existing resourceDirectory C:\hcljava\uttam1\ProductOrder\src\main\resources
2019-08-28 09:41:31,036 [Worker-23] INFO  o.e.m.c.i.embedder.EclipseLogger - Using 'UTF-8' encoding to copy filtered resources.
2019-08-28 09:41:31,042 [Worker-23] INFO  o.e.m.c.i.embedder.EclipseLogger - skip non existing resourceDirectory C:\hcljava\uttam1\ProductOrder\src\test\resources
2019-08-28 09:42:48,682 [Worker-38] INFO  o.e.m.c.i.embedder.EclipseLogger - Using 'UTF-8' encoding to copy filtered resources.
2019-08-28 09:42:48,691 [Worker-38] INFO  o.e.m.c.i.embedder.EclipseLogger - skip non existing resourceDirectory C:\hcljava\uttam1\ProductOrder\src\main\resources
2019-08-28 09:42:48,701 [Worker-38] INFO  o.e.m.c.i.embedder.EclipseLogger - Using 'UTF-8' encoding to copy filtered resources.
2019-08-28 09:42:48,706 [Worker-38] INFO  o.e.m.c.i.embedder.EclipseLogger - skip non existing resourceDirectory C:\hcljava\uttam1\ProductOrder\src\test\resources
2019-08-28 09:43:58,223 [Worker-36] INFO  o.e.m.c.i.embedder.EclipseLogger - Using 'UTF-8' encoding to copy filtered resources.
2019-08-28 09:43:58,233 [Worker-36] INFO  o.e.m.c.i.embedder.EclipseLogger - skip non existing resourceDirectory C:\hcljava\uttam1\ProductOrder\src\main\resources
2019-08-28 09:43:58,242 [Worker-36] INFO  o.e.m.c.i.embedder.EclipseLogger - Using 'UTF-8' encoding to copy filtered resources.
2019-08-28 09:43:58,247 [Worker-36] INFO  o.e.m.c.i.embedder.EclipseLogger - skip non existing resourceDirectory C:\hcljava\uttam1\ProductOrder\src\test\resources
2019-08-28 09:44:54,143 [Worker-36] INFO  o.e.m.c.i.embedder.EclipseLogger - Using 'UTF-8' encoding to copy filtered resources.
2019-08-28 09:44:54,150 [Worker-36] INFO  o.e.m.c.i.embedder.EclipseLogger - skip non existing resourceDirectory C:\hcljava\uttam1\ProductOrder\src\main\resources
2019-08-28 09:44:54,157 [Worker-36] INFO  o.e.m.c.i.embedder.EclipseLogger - Using 'UTF-8' encoding to copy filtered resources.
2019-08-28 09:44:54,162 [Worker-36] INFO  o.e.m.c.i.embedder.EclipseLogger - skip non existing resourceDirectory C:\hcljava\uttam1\ProductOrder\src\test\resources
2019-08-28 09:45:48,745 [Worker-35] INFO  o.e.m.c.i.embedder.EclipseLogger - Using 'UTF-8' encoding to copy filtered resources.
2019-08-28 09:45:48,750 [Worker-35] INFO  o.e.m.c.i.embedder.EclipseLogger - skip non existing resourceDirectory C:\hcljava\uttam1\ProductOrder\src\main\resources
2019-08-28 09:45:48,756 [Worker-35] INFO  o.e.m.c.i.embedder.EclipseLogger - Using 'UTF-8' encoding to copy filtered resources.
2019-08-28 09:45:48,762 [Worker-35] INFO  o.e.m.c.i.embedder.EclipseLogger - skip non existing resourceDirectory C:\hcljava\uttam1\ProductOrder\src\test\resources
2019-08-28 09:47:05,964 [Worker-38] INFO  o.e.m.c.i.embedder.EclipseLogger - Using 'UTF-8' encoding to copy filtered resources.
2019-08-28 09:47:05,976 [Worker-38] INFO  o.e.m.c.i.embedder.EclipseLogger - skip non existing resourceDirectory C:\hcljava\uttam1\ProductOrder\src\main\resources
2019-08-28 09:47:05,983 [Worker-38] INFO  o.e.m.c.i.embedder.EclipseLogger - Using 'UTF-8' encoding to copy filtered resources.
2019-08-28 09:47:05,988 [Worker-38] INFO  o.e.m.c.i.embedder.EclipseLogger - skip non existing resourceDirectory C:\hcljava\uttam1\ProductOrder\src\test\resources
2019-08-28 09:47:43,268 [Worker-40] INFO  o.e.m.c.i.embedder.EclipseLogger - Using 'UTF-8' encoding to copy filtered resources.
2019-08-28 09:47:43,275 [Worker-40] INFO  o.e.m.c.i.embedder.EclipseLogger - skip non existing resourceDirectory C:\hcljava\uttam1\ProductOrder\src\main\resources
2019-08-28 09:47:43,281 [Worker-40] INFO  o.e.m.c.i.embedder.EclipseLogger - Using 'UTF-8' encoding to copy filtered resources.
2019-08-28 09:47:43,286 [Worker-40] INFO  o.e.m.c.i.embedder.EclipseLogger - skip non existing resourceDirectory C:\hcljava\uttam1\ProductOrder\src\test\resources
2019-08-28 09:48:46,394 [Worker-35] INFO  o.e.m.c.i.embedder.EclipseLogger - Using 'UTF-8' encoding to copy filtered resources.
2019-08-28 09:48:46,400 [Worker-35] INFO  o.e.m.c.i.embedder.EclipseLogger - skip non existing resourceDirectory C:\hcljava\uttam1\ProductOrder\src\main\resources
2019-08-28 09:48:46,407 [Worker-35] INFO  o.e.m.c.i.embedder.EclipseLogger - Using 'UTF-8' encoding to copy filtered resources.
2019-08-28 09:48:46,413 [Worker-35] INFO  o.e.m.c.i.embedder.EclipseLogger - skip non existing resourceDirectory C:\hcljava\uttam1\ProductOrder\src\test\resources
2019-08-28 09:49:31,421 [Worker-34] INFO  o.e.m.c.i.embedder.EclipseLogger - Using 'UTF-8' encoding to copy filtered resources.
2019-08-28 09:49:31,427 [Worker-34] INFO  o.e.m.c.i.embedder.EclipseLogger - skip non existing resourceDirectory C:\hcljava\uttam1\ProductOrder\src\main\resources
2019-08-28 09:49:31,433 [Worker-34] INFO  o.e.m.c.i.embedder.EclipseLogger - Using 'UTF-8' encoding to copy filtered resources.
2019-08-28 09:49:31,439 [Worker-34] INFO  o.e.m.c.i.embedder.EclipseLogger - skip non existing resourceDirectory C:\hcljava\uttam1\ProductOrder\src\test\resources
2019-08-28 10:10:17,888 [Worker-48] INFO  o.e.m.c.i.p.ProjectConfigurationManager - Collecting project info '/pom.xml' C:\hcljava\uttam1\EmployInsert\pom.xml
2019-08-28 10:10:18,096 [Worker-48] INFO  o.e.m.c.i.l.LifecycleMappingFactory - Using org.eclipse.m2e.jdt.JarLifecycleMapping lifecycle mapping for MavenProject: hcl:EmployInsert:0.0.1-SNAPSHOT @ C:\hcljava\uttam1\EmployInsert\pom.xml.
2019-08-28 10:10:18,315 [Worker-48] INFO  o.e.m.j.i.AbstractJavaProjectConfigurator - Adding source folder /EmployInsert/src/main/java
2019-08-28 10:10:18,325 [Worker-48] INFO  o.e.m.j.i.AbstractJavaProjectConfigurator - Adding source folder /EmployInsert/src/test/java
2019-08-28 10:10:18,401 [Worker-48] INFO  o.e.m.c.i.p.ProjectConfigurationManager - Imported and configured 1 project(s) in 0 sec
2019-08-28 10:10:18,761 [Worker-48] INFO  o.e.m.c.i.embedder.EclipseLogger - Using 'UTF-8' encoding to copy filtered resources.
2019-08-28 10:10:18,761 [Worker-48] INFO  o.e.m.c.i.embedder.EclipseLogger - skip non existing resourceDirectory C:\hcljava\uttam1\EmployInsert\src\main\resources
2019-08-28 10:10:18,762 [Worker-48] INFO  o.e.m.c.i.embedder.EclipseLogger - Using 'UTF-8' encoding to copy filtered resources.
2019-08-28 10:10:18,763 [Worker-48] INFO  o.e.m.c.i.embedder.EclipseLogger - skip non existing resourceDirectory C:\hcljava\uttam1\EmployInsert\src\test\resources
2019-08-28 10:12:23,564 [Worker-56] INFO  o.e.m.c.i.l.LifecycleMappingFactory - Using org.eclipse.m2e.jdt.JarLifecycleMapping lifecycle mapping for MavenProject: hcl:EmployInsert:0.0.1-SNAPSHOT @ C:\hcljava\uttam1\EmployInsert\pom.xml.
2019-08-28 10:12:24,629 [Worker-56] INFO  o.e.m.c.i.e.AbstractTransferListenerAdapter - Downloading https://repo.maven.apache.org/maven2/mysql/mysql-connector-java/5.1.5/mysql-connector-java-5.1.5.pom
2019-08-28 10:12:24,813 [Worker-56] INFO  o.e.m.c.i.e.AbstractTransferListenerAdapter - Downloaded https://repo.maven.apache.org/maven2/mysql/mysql-connector-java/5.1.5/mysql-connector-java-5.1.5.pom
2019-08-28 10:12:25,005 [Worker-56] INFO  o.e.m.c.i.e.AbstractTransferListenerAdapter - Downloading https://repo.maven.apache.org/maven2/mysql/mysql-connector-java/5.1.5/mysql-connector-java-5.1.5.jar
2019-08-28 10:12:27,231 [Worker-56] INFO  o.e.m.c.i.e.AbstractTransferListenerAdapter - Downloaded https://repo.maven.apache.org/maven2/mysql/mysql-connector-java/5.1.5/mysql-connector-java-5.1.5.jar
2019-08-28 10:12:27,691 [Worker-56] INFO  o.e.m.c.i.embedder.EclipseLogger - Using 'UTF-8' encoding to copy filtered resources.
2019-08-28 10:12:27,697 [Worker-56] INFO  o.e.m.c.i.embedder.EclipseLogger - skip non existing resourceDirectory C:\hcljava\uttam1\EmployInsert\src\main\resources
2019-08-28 10:12:27,703 [Worker-56] INFO  o.e.m.c.i.embedder.EclipseLogger - Using 'UTF-8' encoding to copy filtered resources.
2019-08-28 10:12:27,707 [Worker-56] INFO  o.e.m.c.i.embedder.EclipseLogger - skip non existing resourceDirectory C:\hcljava\uttam1\EmployInsert\src\test\resources
2019-08-28 10:12:28,891 [Worker-55] INFO  o.e.m.c.i.embedder.EclipseLogger - Using 'UTF-8' encoding to copy filtered resources.
2019-08-28 10:12:28,891 [Worker-55] INFO  o.e.m.c.i.embedder.EclipseLogger - skip non existing resourceDirectory C:\hcljava\uttam1\EmployInsert\src\main\resources
2019-08-28 10:12:28,892 [Worker-55] INFO  o.e.m.c.i.embedder.EclipseLogger - Using 'UTF-8' encoding to copy filtered resources.
2019-08-28 10:12:28,899 [Worker-55] INFO  o.e.m.c.i.embedder.EclipseLogger - skip non existing resourceDirectory C:\hcljava\uttam1\EmployInsert\src\test\resources
2019-08-28 10:15:10,962 [Worker-55] INFO  o.e.m.c.i.embedder.EclipseLogger - Using 'UTF-8' encoding to copy filtered resources.
2019-08-28 10:15:10,970 [Worker-55] INFO  o.e.m.c.i.embedder.EclipseLogger - skip non existing resourceDirectory C:\hcljava\uttam1\EmployInsert\src\main\resources
2019-08-28 10:15:10,980 [Worker-55] INFO  o.e.m.c.i.embedder.EclipseLogger - Using 'UTF-8' encoding to copy filtered resources.
2019-08-28 10:15:10,987 [Worker-55] INFO  o.e.m.c.i.embedder.EclipseLogger - skip non existing resourceDirectory C:\hcljava\uttam1\EmployInsert\src\test\resources
2019-08-28 10:21:08,098 [Worker-56] INFO  o.e.m.c.i.embedder.EclipseLogger - Using 'UTF-8' encoding to copy filtered resources.
2019-08-28 10:21:08,099 [Worker-56] INFO  o.e.m.c.i.embedder.EclipseLogger - skip non existing resourceDirectory C:\hcljava\uttam1\EmployInsert\src\main\resources
2019-08-28 10:21:08,100 [Worker-56] INFO  o.e.m.c.i.embedder.EclipseLogger - Using 'UTF-8' encoding to copy filtered resources.
2019-08-28 10:21:08,110 [Worker-56] INFO  o.e.m.c.i.embedder.EclipseLogger - skip non existing resourceDirectory C:\hcljava\uttam1\EmployInsert\src\test\resources
2019-08-28 10:28:59,412 [Worker-65] INFO  o.e.m.c.i.embedder.EclipseLogger - Using 'UTF-8' encoding to copy filtered resources.
2019-08-28 10:28:59,420 [Worker-65] INFO  o.e.m.c.i.embedder.EclipseLogger - skip non existing resourceDirectory C:\hcljava\uttam1\EmployInsert\src\main\resources
2019-08-28 10:28:59,428 [Worker-65] INFO  o.e.m.c.i.embedder.EclipseLogger - Using 'UTF-8' encoding to copy filtered resources.
2019-08-28 10:28:59,435 [Worker-65] INFO  o.e.m.c.i.embedder.EclipseLogger - skip non existing resourceDirectory C:\hcljava\uttam1\EmployInsert\src\test\resources
2019-08-28 11:05:17,152 [Worker-77] INFO  o.e.m.c.i.embedder.EclipseLogger - Using 'UTF-8' encoding to copy filtered resources.
2019-08-28 11:05:17,153 [Worker-77] INFO  o.e.m.c.i.embedder.EclipseLogger - skip non existing resourceDirectory C:\hcljava\uttam1\EmployInsert\src\main\resources
2019-08-28 11:05:17,153 [Worker-77] INFO  o.e.m.c.i.embedder.EclipseLogger - Using 'UTF-8' encoding to copy filtered resources.
2019-08-28 11:05:17,159 [Worker-77] INFO  o.e.m.c.i.embedder.EclipseLogger - skip non existing resourceDirectory C:\hcljava\uttam1\EmployInsert\src\test\resources
2019-08-28 11:07:08,015 [Worker-77] INFO  o.e.m.c.i.embedder.EclipseLogger - Using 'UTF-8' encoding to copy filtered resources.
2019-08-28 11:07:08,023 [Worker-77] INFO  o.e.m.c.i.embedder.EclipseLogger - skip non existing resourceDirectory C:\hcljava\uttam1\EmployInsert\src\main\resources
2019-08-28 11:07:08,032 [Worker-77] INFO  o.e.m.c.i.embedder.EclipseLogger - Using 'UTF-8' encoding to copy filtered resources.
2019-08-28 11:07:08,039 [Worker-77] INFO  o.e.m.c.i.embedder.EclipseLogger - skip non existing resourceDirectory C:\hcljava\uttam1\EmployInsert\src\test\resources
2019-08-28 11:07:55,872 [Worker-79] INFO  o.e.m.c.i.embedder.EclipseLogger - Using 'UTF-8' encoding to copy filtered resources.
2019-08-28 11:07:55,872 [Worker-79] INFO  o.e.m.c.i.embedder.EclipseLogger - skip non existing resourceDirectory C:\hcljava\uttam1\EmployInsert\src\main\resources
2019-08-28 11:07:55,874 [Worker-79] INFO  o.e.m.c.i.embedder.EclipseLogger - Using 'UTF-8' encoding to copy filtered resources.
2019-08-28 11:07:55,885 [Worker-79] INFO  o.e.m.c.i.embedder.EclipseLogger - skip non existing resourceDirectory C:\hcljava\uttam1\EmployInsert\src\test\resources
2019-08-28 11:08:18,492 [Worker-77] INFO  o.e.m.c.i.embedder.EclipseLogger - Using 'UTF-8' encoding to copy filtered resources.
2019-08-28 11:08:18,500 [Worker-77] INFO  o.e.m.c.i.embedder.EclipseLogger - skip non existing resourceDirectory C:\hcljava\uttam1\EmployInsert\src\main\resources
2019-08-28 11:08:18,506 [Worker-77] INFO  o.e.m.c.i.embedder.EclipseLogger - Using 'UTF-8' encoding to copy filtered resources.
2019-08-28 11:08:18,511 [Worker-77] INFO  o.e.m.c.i.embedder.EclipseLogger - skip non existing resourceDirectory C:\hcljava\uttam1\EmployInsert\src\test\resources
2019-08-28 11:10:00,075 [Worker-86] INFO  o.e.m.c.i.embedder.EclipseLogger - Using 'UTF-8' encoding to copy filtered resources.
2019-08-28 11:10:00,075 [Worker-86] INFO  o.e.m.c.i.embedder.EclipseLogger - skip non existing resourceDirectory C:\hcljava\uttam1\EmployInsert\src\main\resources
2019-08-28 11:10:00,076 [Worker-86] INFO  o.e.m.c.i.embedder.EclipseLogger - Using 'UTF-8' encoding to copy filtered resources.
2019-08-28 11:10:00,086 [Worker-86] INFO  o.e.m.c.i.embedder.EclipseLogger - skip non existing resourceDirectory C:\hcljava\uttam1\EmployInsert\src\test\resources
2019-08-28 11:12:35,357 [Worker-88] INFO  o.e.m.c.i.embedder.EclipseLogger - Using 'UTF-8' encoding to copy filtered resources.
2019-08-28 11:12:35,362 [Worker-88] INFO  o.e.m.c.i.embedder.EclipseLogger - skip non existing resourceDirectory C:\hcljava\uttam1\EmployInsert\src\main\resources
2019-08-28 11:12:35,368 [Worker-88] INFO  o.e.m.c.i.embedder.EclipseLogger - Using 'UTF-8' encoding to copy filtered resources.
2019-08-28 11:12:35,373 [Worker-88] INFO  o.e.m.c.i.embedder.EclipseLogger - skip non existing resourceDirectory C:\hcljava\uttam1\EmployInsert\src\test\resources
2019-08-28 11:15:00,000 [Worker-92] INFO  o.e.m.c.i.embedder.EclipseLogger - Using 'UTF-8' encoding to copy filtered resources.
2019-08-28 11:15:00,001 [Worker-92] INFO  o.e.m.c.i.embedder.EclipseLogger - skip non existing resourceDirectory C:\hcljava\uttam1\EmployInsert\src\main\resources
2019-08-28 11:15:00,002 [Worker-92] INFO  o.e.m.c.i.embedder.EclipseLogger - Using 'UTF-8' encoding to copy filtered resources.
2019-08-28 11:15:00,007 [Worker-92] INFO  o.e.m.c.i.embedder.EclipseLogger - skip non existing resourceDirectory C:\hcljava\uttam1\EmployInsert\src\test\resources
2019-08-28 11:16:14,761 [Worker-96] INFO  o.e.m.c.i.embedder.EclipseLogger - Using 'UTF-8' encoding to copy filtered resources.
2019-08-28 11:16:14,771 [Worker-96] INFO  o.e.m.c.i.embedder.EclipseLogger - skip non existing resourceDirectory C:\hcljava\uttam1\EmployInsert\src\main\resources
2019-08-28 11:16:14,777 [Worker-96] INFO  o.e.m.c.i.embedder.EclipseLogger - Using 'UTF-8' encoding to copy filtered resources.
2019-08-28 11:16:14,782 [Worker-96] INFO  o.e.m.c.i.embedder.EclipseLogger - skip non existing resourceDirectory C:\hcljava\uttam1\EmployInsert\src\test\resources
2019-08-28 11:17:59,646 [Worker-93] INFO  o.e.m.c.i.embedder.EclipseLogger - Using 'UTF-8' encoding to copy filtered resources.
2019-08-28 11:17:59,646 [Worker-93] INFO  o.e.m.c.i.embedder.EclipseLogger - skip non existing resourceDirectory C:\hcljava\uttam1\EmployInsert\src\main\resources
2019-08-28 11:17:59,648 [Worker-93] INFO  o.e.m.c.i.embedder.EclipseLogger - Using 'UTF-8' encoding to copy filtered resources.
2019-08-28 11:17:59,656 [Worker-93] INFO  o.e.m.c.i.embedder.EclipseLogger - skip non existing resourceDirectory C:\hcljava\uttam1\EmployInsert\src\test\resources
2019-08-28 11:18:14,095 [Worker-93] INFO  o.e.m.c.i.embedder.EclipseLogger - Using 'UTF-8' encoding to copy filtered resources.
2019-08-28 11:18:14,101 [Worker-93] INFO  o.e.m.c.i.embedder.EclipseLogger - skip non existing resourceDirectory C:\hcljava\uttam1\EmployInsert\src\main\resources
2019-08-28 11:18:14,107 [Worker-93] INFO  o.e.m.c.i.embedder.EclipseLogger - Using 'UTF-8' encoding to copy filtered resources.
2019-08-28 11:18:14,113 [Worker-93] INFO  o.e.m.c.i.embedder.EclipseLogger - skip non existing resourceDirectory C:\hcljava\uttam1\EmployInsert\src\test\resources
2019-08-28 11:18:25,612 [Worker-96] INFO  o.e.m.c.i.embedder.EclipseLogger - Using 'UTF-8' encoding to copy filtered resources.
2019-08-28 11:18:25,612 [Worker-96] INFO  o.e.m.c.i.embedder.EclipseLogger - skip non existing resourceDirectory C:\hcljava\uttam1\EmployInsert\src\main\resources
2019-08-28 11:18:25,613 [Worker-96] INFO  o.e.m.c.i.embedder.EclipseLogger - Using 'UTF-8' encoding to copy filtered resources.
2019-08-28 11:18:25,619 [Worker-96] INFO  o.e.m.c.i.embedder.EclipseLogger - skip non existing resourceDirectory C:\hcljava\uttam1\EmployInsert\src\test\resources
2019-08-28 11:20:19,691 [Worker-93] INFO  o.e.m.c.i.embedder.EclipseLogger - Using 'UTF-8' encoding to copy filtered resources.
2019-08-28 11:20:19,698 [Worker-93] INFO  o.e.m.c.i.embedder.EclipseLogger - skip non existing resourceDirectory C:\hcljava\uttam1\EmployInsert\src\main\resources
2019-08-28 11:20:19,704 [Worker-93] INFO  o.e.m.c.i.embedder.EclipseLogger - Using 'UTF-8' encoding to copy filtered resources.
2019-08-28 11:20:19,708 [Worker-93] INFO  o.e.m.c.i.embedder.EclipseLogger - skip non existing resourceDirectory C:\hcljava\uttam1\EmployInsert\src\test\resources
2019-08-28 11:20:34,141 [Worker-93] INFO  o.e.m.c.i.embedder.EclipseLogger - Using 'UTF-8' encoding to copy filtered resources.
2019-08-28 11:20:34,141 [Worker-93] INFO  o.e.m.c.i.embedder.EclipseLogger - skip non existing resourceDirectory C:\hcljava\uttam1\EmployInsert\src\main\resources
2019-08-28 11:20:34,142 [Worker-93] INFO  o.e.m.c.i.embedder.EclipseLogger - Using 'UTF-8' encoding to copy filtered resources.
2019-08-28 11:20:34,147 [Worker-93] INFO  o.e.m.c.i.embedder.EclipseLogger - skip non existing resourceDirectory C:\hcljava\uttam1\EmployInsert\src\test\resources
2019-08-28 11:20:44,318 [Worker-90] INFO  o.e.m.c.i.embedder.EclipseLogger - Using 'UTF-8' encoding to copy filtered resources.
2019-08-28 11:20:44,324 [Worker-90] INFO  o.e.m.c.i.embedder.EclipseLogger - skip non existing resourceDirectory C:\hcljava\uttam1\EmployInsert\src\main\resources
2019-08-28 11:20:44,331 [Worker-90] INFO  o.e.m.c.i.embedder.EclipseLogger - Using 'UTF-8' encoding to copy filtered resources.
2019-08-28 11:20:44,336 [Worker-90] INFO  o.e.m.c.i.embedder.EclipseLogger - skip non existing resourceDirectory C:\hcljava\uttam1\EmployInsert\src\test\resources
2019-08-28 11:21:32,968 [Worker-102] INFO  o.e.m.c.i.embedder.EclipseLogger - Using 'UTF-8' encoding to copy filtered resources.
2019-08-28 11:21:32,968 [Worker-102] INFO  o.e.m.c.i.embedder.EclipseLogger - skip non existing resourceDirectory C:\hcljava\uttam1\EmployInsert\src\main\resources
2019-08-28 11:21:32,969 [Worker-102] INFO  o.e.m.c.i.embedder.EclipseLogger - Using 'UTF-8' encoding to copy filtered resources.
2019-08-28 11:21:32,978 [Worker-102] INFO  o.e.m.c.i.embedder.EclipseLogger - skip non existing resourceDirectory C:\hcljava\uttam1\EmployInsert\src\test\resources
2019-08-28 11:21:43,566 [Worker-93] INFO  o.e.m.c.i.embedder.EclipseLogger - Using 'UTF-8' encoding to copy filtered resources.
2019-08-28 11:21:43,575 [Worker-93] INFO  o.e.m.c.i.embedder.EclipseLogger - skip non existing resourceDirectory C:\hcljava\uttam1\EmployInsert\src\main\resources
2019-08-28 11:21:43,584 [Worker-93] INFO  o.e.m.c.i.embedder.EclipseLogger - Using 'UTF-8' encoding to copy filtered resources.
2019-08-28 11:21:43,593 [Worker-93] INFO  o.e.m.c.i.embedder.EclipseLogger - skip non existing resourceDirectory C:\hcljava\uttam1\EmployInsert\src\test\resources
2019-08-28 11:21:47,196 [Worker-101] INFO  o.e.m.c.i.embedder.EclipseLogger - Using 'UTF-8' encoding to copy filtered resources.
2019-08-28 11:21:47,196 [Worker-101] INFO  o.e.m.c.i.embedder.EclipseLogger - skip non existing resourceDirectory C:\hcljava\uttam1\EmployInsert\src\main\resources
2019-08-28 11:21:47,197 [Worker-101] INFO  o.e.m.c.i.embedder.EclipseLogger - Using 'UTF-8' encoding to copy filtered resources.
2019-08-28 11:21:47,205 [Worker-101] INFO  o.e.m.c.i.embedder.EclipseLogger - skip non existing resourceDirectory C:\hcljava\uttam1\EmployInsert\src\test\resources
2019-08-28 11:23:23,114 [Worker-99] INFO  o.e.m.c.i.embedder.EclipseLogger - Using 'UTF-8' encoding to copy filtered resources.
2019-08-28 11:23:23,120 [Worker-99] INFO  o.e.m.c.i.embedder.EclipseLogger - skip non existing resourceDirectory C:\hcljava\uttam1\EmployInsert\src\main\resources
2019-08-28 11:23:23,126 [Worker-99] INFO  o.e.m.c.i.embedder.EclipseLogger - Using 'UTF-8' encoding to copy filtered resources.
2019-08-28 11:23:23,132 [Worker-99] INFO  o.e.m.c.i.embedder.EclipseLogger - skip non existing resourceDirectory C:\hcljava\uttam1\EmployInsert\src\test\resources
2019-08-28 11:23:56,524 [Worker-101] INFO  o.e.m.c.i.embedder.EclipseLogger - Using 'UTF-8' encoding to copy filtered resources.
2019-08-28 11:23:56,524 [Worker-101] INFO  o.e.m.c.i.embedder.EclipseLogger - skip non existing resourceDirectory C:\hcljava\uttam1\EmployInsert\src\main\resources
2019-08-28 11:23:56,525 [Worker-101] INFO  o.e.m.c.i.embedder.EclipseLogger - Using 'UTF-8' encoding to copy filtered resources.
2019-08-28 11:23:56,533 [Worker-101] INFO  o.e.m.c.i.embedder.EclipseLogger - skip non existing resourceDirectory C:\hcljava\uttam1\EmployInsert\src\test\resources
2019-08-28 11:25:17,168 [Worker-93] INFO  o.e.m.c.i.p.ProjectConfigurationManager - Collecting project info '/pom.xml' C:\hcljava\uttam1\DepartmentInsert\pom.xml
2019-08-28 11:25:17,321 [Worker-93] INFO  o.e.m.c.i.l.LifecycleMappingFactory - Using org.eclipse.m2e.jdt.JarLifecycleMapping lifecycle mapping for MavenProject: hcl:DepartmentInsert:0.0.1-SNAPSHOT @ C:\hcljava\uttam1\DepartmentInsert\pom.xml.
2019-08-28 11:25:17,520 [Worker-93] INFO  o.e.m.j.i.AbstractJavaProjectConfigurator - Adding source folder /DepartmentInsert/src/main/java
2019-08-28 11:25:17,530 [Worker-93] INFO  o.e.m.j.i.AbstractJavaProjectConfigurator - Adding source folder /DepartmentInsert/src/test/java
2019-08-28 11:25:17,597 [Worker-93] INFO  o.e.m.c.i.p.ProjectConfigurationManager - Imported and configured 1 project(s) in 0 sec
2019-08-28 11:25:17,887 [Worker-90] INFO  o.e.m.c.i.embedder.EclipseLogger - Using 'UTF-8' encoding to copy filtered resources.
2019-08-28 11:25:17,887 [Worker-90] INFO  o.e.m.c.i.embedder.EclipseLogger - skip non existing resourceDirectory C:\hcljava\uttam1\DepartmentInsert\src\main\resources
2019-08-28 11:25:17,893 [Worker-90] INFO  o.e.m.c.i.embedder.EclipseLogger - Using 'UTF-8' encoding to copy filtered resources.
2019-08-28 11:25:17,893 [Worker-90] INFO  o.e.m.c.i.embedder.EclipseLogger - skip non existing resourceDirectory C:\hcljava\uttam1\DepartmentInsert\src\test\resources
2019-08-28 11:25:49,080 [Worker-103] INFO  o.e.m.c.i.embedder.EclipseLogger - Using 'UTF-8' encoding to copy filtered resources.
2019-08-28 11:25:49,081 [Worker-103] INFO  o.e.m.c.i.embedder.EclipseLogger - skip non existing resourceDirectory C:\hcljava\uttam1\DepartmentInsert\src\main\resources
2019-08-28 11:25:49,093 [Worker-103] INFO  o.e.m.c.i.embedder.EclipseLogger - Using 'UTF-8' encoding to copy filtered resources.
2019-08-28 11:25:49,100 [Worker-103] INFO  o.e.m.c.i.embedder.EclipseLogger - skip non existing resourceDirectory C:\hcljava\uttam1\DepartmentInsert\src\test\resources
2019-08-28 11:29:19,420 [Worker-97] INFO  o.e.m.c.i.l.LifecycleMappingFactory - Using org.eclipse.m2e.jdt.JarLifecycleMapping lifecycle mapping for MavenProject: hcl:DepartmentInsert:0.0.1-SNAPSHOT @ C:\hcljava\uttam1\DepartmentInsert\pom.xml.
2019-08-28 11:29:19,640 [Worker-97] INFO  o.e.m.c.i.embedder.EclipseLogger - Using 'UTF-8' encoding to copy filtered resources.
2019-08-28 11:29:19,647 [Worker-97] INFO  o.e.m.c.i.embedder.EclipseLogger - skip non existing resourceDirectory C:\hcljava\uttam1\DepartmentInsert\src\main\resources
2019-08-28 11:29:19,655 [Worker-97] INFO  o.e.m.c.i.embedder.EclipseLogger - Using 'UTF-8' encoding to copy filtered resources.
2019-08-28 11:29:19,661 [Worker-97] INFO  o.e.m.c.i.embedder.EclipseLogger - skip non existing resourceDirectory C:\hcljava\uttam1\DepartmentInsert\src\test\resources
2019-08-28 11:29:20,826 [Worker-103] INFO  o.e.m.c.i.embedder.EclipseLogger - Using 'UTF-8' encoding to copy filtered resources.
2019-08-28 11:29:20,833 [Worker-103] INFO  o.e.m.c.i.embedder.EclipseLogger - skip non existing resourceDirectory C:\hcljava\uttam1\DepartmentInsert\src\main\resources
2019-08-28 11:29:20,838 [Worker-103] INFO  o.e.m.c.i.embedder.EclipseLogger - Using 'UTF-8' encoding to copy filtered resources.
2019-08-28 11:29:20,843 [Worker-103] INFO  o.e.m.c.i.embedder.EclipseLogger - skip non existing resourceDirectory C:\hcljava\uttam1\DepartmentInsert\src\test\resources
2019-08-28 11:36:13,471 [Worker-102] INFO  o.e.m.c.i.embedder.EclipseLogger - Using 'UTF-8' encoding to copy filtered resources.
2019-08-28 11:36:13,476 [Worker-102] INFO  o.e.m.c.i.embedder.EclipseLogger - skip non existing resourceDirectory C:\hcljava\uttam1\DepartmentInsert\src\main\resources
2019-08-28 11:36:13,483 [Worker-102] INFO  o.e.m.c.i.embedder.EclipseLogger - Using 'UTF-8' encoding to copy filtered resources.
2019-08-28 11:36:13,488 [Worker-102] INFO  o.e.m.c.i.embedder.EclipseLogger - skip non existing resourceDirectory C:\hcljava\uttam1\DepartmentInsert\src\test\resources
2019-08-28 11:40:13,548 [Worker-100] INFO  o.e.m.c.i.embedder.EclipseLogger - Using 'UTF-8' encoding to copy filtered resources.
2019-08-28 11:40:13,554 [Worker-100] INFO  o.e.m.c.i.embedder.EclipseLogger - skip non existing resourceDirectory C:\hcljava\uttam1\DepartmentInsert\src\main\resources
2019-08-28 11:40:13,560 [Worker-100] INFO  o.e.m.c.i.embedder.EclipseLogger - Using 'UTF-8' encoding to copy filtered resources.
2019-08-28 11:40:13,565 [Worker-100] INFO  o.e.m.c.i.embedder.EclipseLogger - skip non existing resourceDirectory C:\hcljava\uttam1\DepartmentInsert\src\test\resources
2019-08-28 11:40:30,571 [Worker-102] INFO  o.e.m.c.i.embedder.EclipseLogger - Using 'UTF-8' encoding to copy filtered resources.
2019-08-28 11:40:30,579 [Worker-102] INFO  o.e.m.c.i.embedder.EclipseLogger - skip non existing resourceDirectory C:\hcljava\uttam1\DepartmentInsert\src\main\resources
2019-08-28 11:40:30,585 [Worker-102] INFO  o.e.m.c.i.embedder.EclipseLogger - Using 'UTF-8' encoding to copy filtered resources.
2019-08-28 11:40:30,593 [Worker-102] INFO  o.e.m.c.i.embedder.EclipseLogger - skip non existing resourceDirectory C:\hcljava\uttam1\DepartmentInsert\src\test\resources
2019-08-28 11:41:48,285 [Worker-101] INFO  o.e.m.c.i.embedder.EclipseLogger - Using 'UTF-8' encoding to copy filtered resources.
2019-08-28 11:41:48,291 [Worker-101] INFO  o.e.m.c.i.embedder.EclipseLogger - skip non existing resourceDirectory C:\hcljava\uttam1\DepartmentInsert\src\main\resources
2019-08-28 11:41:48,297 [Worker-101] INFO  o.e.m.c.i.embedder.EclipseLogger - Using 'UTF-8' encoding to copy filtered resources.
2019-08-28 11:41:48,303 [Worker-101] INFO  o.e.m.c.i.embedder.EclipseLogger - skip non existing resourceDirectory C:\hcljava\uttam1\DepartmentInsert\src\test\resources
2019-08-28 11:42:48,442 [Worker-97] INFO  o.e.m.c.i.embedder.EclipseLogger - Using 'UTF-8' encoding to copy filtered resources.
2019-08-28 11:42:48,448 [Worker-97] INFO  o.e.m.c.i.embedder.EclipseLogger - skip non existing resourceDirectory C:\hcljava\uttam1\DepartmentInsert\src\main\resources
2019-08-28 11:42:48,455 [Worker-97] INFO  o.e.m.c.i.embedder.EclipseLogger - Using 'UTF-8' encoding to copy filtered resources.
2019-08-28 11:42:48,460 [Worker-97] INFO  o.e.m.c.i.embedder.EclipseLogger - skip non existing resourceDirectory C:\hcljava\uttam1\DepartmentInsert\src\test\resources
2019-08-28 11:44:10,632 [Worker-102] INFO  o.e.m.c.i.p.ProjectConfigurationManager - Collecting project info '/pom.xml' C:\hcljava\uttam1\EmployShow\pom.xml
2019-08-28 11:44:10,786 [Worker-102] INFO  o.e.m.c.i.l.LifecycleMappingFactory - Using org.eclipse.m2e.jdt.JarLifecycleMapping lifecycle mapping for MavenProject: hcl:EmployShow:0.0.1-SNAPSHOT @ C:\hcljava\uttam1\EmployShow\pom.xml.
2019-08-28 11:44:10,965 [Worker-102] INFO  o.e.m.j.i.AbstractJavaProjectConfigurator - Adding source folder /EmployShow/src/main/java
2019-08-28 11:44:10,975 [Worker-102] INFO  o.e.m.j.i.AbstractJavaProjectConfigurator - Adding source folder /EmployShow/src/test/java
2019-08-28 11:44:11,035 [Worker-102] INFO  o.e.m.c.i.p.ProjectConfigurationManager - Imported and configured 1 project(s) in 0 sec
2019-08-28 11:44:11,335 [Worker-97] INFO  o.e.m.c.i.embedder.EclipseLogger - Using 'UTF-8' encoding to copy filtered resources.
2019-08-28 11:44:11,336 [Worker-97] INFO  o.e.m.c.i.embedder.EclipseLogger - skip non existing resourceDirectory C:\hcljava\uttam1\EmployShow\src\main\resources
2019-08-28 11:44:11,337 [Worker-97] INFO  o.e.m.c.i.embedder.EclipseLogger - Using 'UTF-8' encoding to copy filtered resources.
2019-08-28 11:44:11,337 [Worker-97] INFO  o.e.m.c.i.embedder.EclipseLogger - skip non existing resourceDirectory C:\hcljava\uttam1\EmployShow\src\test\resources
2019-08-28 11:45:36,949 [Worker-97] INFO  o.e.m.c.i.embedder.EclipseLogger - Using 'UTF-8' encoding to copy filtered resources.
2019-08-28 11:45:36,950 [Worker-97] INFO  o.e.m.c.i.embedder.EclipseLogger - skip non existing resourceDirectory C:\hcljava\uttam1\DepartmentInsert\src\main\resources
2019-08-28 11:45:36,951 [Worker-97] INFO  o.e.m.c.i.embedder.EclipseLogger - Using 'UTF-8' encoding to copy filtered resources.
2019-08-28 11:45:36,951 [Worker-97] INFO  o.e.m.c.i.embedder.EclipseLogger - skip non existing resourceDirectory C:\hcljava\uttam1\DepartmentInsert\src\test\resources
2019-08-28 11:45:50,265 [Worker-97] INFO  o.e.m.c.i.embedder.EclipseLogger - Using 'UTF-8' encoding to copy filtered resources.
2019-08-28 11:45:50,271 [Worker-97] INFO  o.e.m.c.i.embedder.EclipseLogger - skip non existing resourceDirectory C:\hcljava\uttam1\DepartmentInsert\src\main\resources
2019-08-28 11:45:50,277 [Worker-97] INFO  o.e.m.c.i.embedder.EclipseLogger - Using 'UTF-8' encoding to copy filtered resources.
2019-08-28 11:45:50,277 [Worker-97] INFO  o.e.m.c.i.embedder.EclipseLogger - skip non existing resourceDirectory C:\hcljava\uttam1\DepartmentInsert\src\test\resources
2019-08-28 11:45:50,384 [Worker-97] INFO  o.e.m.c.i.l.LifecycleMappingFactory - Using org.eclipse.m2e.jdt.JarLifecycleMapping lifecycle mapping for MavenProject: hcl:EmployShow:0.0.1-SNAPSHOT @ C:\hcljava\uttam1\EmployShow\pom.xml.
2019-08-28 11:45:50,652 [Worker-97] INFO  o.e.m.c.i.embedder.EclipseLogger - Using 'UTF-8' encoding to copy filtered resources.
2019-08-28 11:45:50,653 [Worker-97] INFO  o.e.m.c.i.embedder.EclipseLogger - skip non existing resourceDirectory C:\hcljava\uttam1\EmployShow\src\main\resources
2019-08-28 11:45:50,653 [Worker-97] INFO  o.e.m.c.i.embedder.EclipseLogger - Using 'UTF-8' encoding to copy filtered resources.
2019-08-28 11:45:50,659 [Worker-97] INFO  o.e.m.c.i.embedder.EclipseLogger - skip non existing resourceDirectory C:\hcljava\uttam1\EmployShow\src\test\resources
2019-08-28 11:45:50,915 [Worker-105] INFO  o.e.m.c.i.embedder.EclipseLogger - Using 'UTF-8' encoding to copy filtered resources.
2019-08-28 11:45:50,915 [Worker-105] INFO  o.e.m.c.i.embedder.EclipseLogger - skip non existing resourceDirectory C:\hcljava\uttam1\EmployShow\src\main\resources
2019-08-28 11:45:50,916 [Worker-105] INFO  o.e.m.c.i.embedder.EclipseLogger - Using 'UTF-8' encoding to copy filtered resources.
2019-08-28 11:45:50,922 [Worker-105] INFO  o.e.m.c.i.embedder.EclipseLogger - skip non existing resourceDirectory C:\hcljava\uttam1\EmployShow\src\test\resources
2019-08-28 11:46:11,106 [Worker-97] INFO  o.e.m.c.i.embedder.EclipseLogger - Using 'UTF-8' encoding to copy filtered resources.
2019-08-28 11:46:11,106 [Worker-97] INFO  o.e.m.c.i.embedder.EclipseLogger - skip non existing resourceDirectory C:\hcljava\uttam1\DepartmentInsert\src\main\resources
2019-08-28 11:46:11,107 [Worker-97] INFO  o.e.m.c.i.embedder.EclipseLogger - Using 'UTF-8' encoding to copy filtered resources.
2019-08-28 11:46:11,115 [Worker-97] INFO  o.e.m.c.i.embedder.EclipseLogger - skip non existing resourceDirectory C:\hcljava\uttam1\DepartmentInsert\src\test\resources
2019-08-28 11:46:53,502 [Worker-103] INFO  o.e.m.c.i.embedder.EclipseLogger - Using 'UTF-8' encoding to copy filtered resources.
2019-08-28 11:46:53,508 [Worker-103] INFO  o.e.m.c.i.embedder.EclipseLogger - skip non existing resourceDirectory C:\hcljava\uttam1\DepartmentInsert\src\main\resources
2019-08-28 11:46:53,514 [Worker-103] INFO  o.e.m.c.i.embedder.EclipseLogger - Using 'UTF-8' encoding to copy filtered resources.
2019-08-28 11:46:53,521 [Worker-103] INFO  o.e.m.c.i.embedder.EclipseLogger - skip non existing resourceDirectory C:\hcljava\uttam1\DepartmentInsert\src\test\resources
2019-08-28 11:47:54,919 [Worker-100] INFO  o.e.m.c.i.embedder.EclipseLogger - Using 'UTF-8' encoding to copy filtered resources.
2019-08-28 11:47:54,919 [Worker-100] INFO  o.e.m.c.i.embedder.EclipseLogger - skip non existing resourceDirectory C:\hcljava\uttam1\EmployShow\src\main\resources
2019-08-28 11:47:54,919 [Worker-100] INFO  o.e.m.c.i.embedder.EclipseLogger - Using 'UTF-8' encoding to copy filtered resources.
2019-08-28 11:47:54,925 [Worker-100] INFO  o.e.m.c.i.embedder.EclipseLogger - skip non existing resourceDirectory C:\hcljava\uttam1\EmployShow\src\test\resources
2019-08-28 11:58:03,032 [Worker-103] INFO  o.e.m.c.i.embedder.EclipseLogger - Using 'UTF-8' encoding to copy filtered resources.
2019-08-28 11:58:03,040 [Worker-103] INFO  o.e.m.c.i.embedder.EclipseLogger - skip non existing resourceDirectory C:\hcljava\uttam1\EmployShow\src\main\resources
2019-08-28 11:58:03,046 [Worker-103] INFO  o.e.m.c.i.embedder.EclipseLogger - Using 'UTF-8' encoding to copy filtered resources.
2019-08-28 11:58:03,051 [Worker-103] INFO  o.e.m.c.i.embedder.EclipseLogger - skip non existing resourceDirectory C:\hcljava\uttam1\EmployShow\src\test\resources
2019-08-28 11:58:18,097 [Worker-103] INFO  o.e.m.c.i.embedder.EclipseLogger - Using 'UTF-8' encoding to copy filtered resources.
2019-08-28 11:58:18,097 [Worker-103] INFO  o.e.m.c.i.embedder.EclipseLogger - skip non existing resourceDirectory C:\hcljava\uttam1\EmployShow\src\main\resources
2019-08-28 11:58:18,097 [Worker-103] INFO  o.e.m.c.i.embedder.EclipseLogger - Using 'UTF-8' encoding to copy filtered resources.
2019-08-28 11:58:18,102 [Worker-103] INFO  o.e.m.c.i.embedder.EclipseLogger - skip non existing resourceDirectory C:\hcljava\uttam1\EmployShow\src\test\resources
2019-08-28 11:59:28,777 [Worker-90] INFO  o.e.m.c.i.embedder.EclipseLogger - Using 'UTF-8' encoding to copy filtered resources.
2019-08-28 11:59:28,783 [Worker-90] INFO  o.e.m.c.i.embedder.EclipseLogger - skip non existing resourceDirectory C:\hcljava\uttam1\EmployShow\src\main\resources
2019-08-28 11:59:28,790 [Worker-90] INFO  o.e.m.c.i.embedder.EclipseLogger - Using 'UTF-8' encoding to copy filtered resources.
2019-08-28 11:59:28,796 [Worker-90] INFO  o.e.m.c.i.embedder.EclipseLogger - skip non existing resourceDirectory C:\hcljava\uttam1\EmployShow\src\test\resources
2019-08-28 12:00:09,894 [Worker-110] INFO  o.e.m.c.i.embedder.EclipseLogger - Using 'UTF-8' encoding to copy filtered resources.
2019-08-28 12:00:09,895 [Worker-110] INFO  o.e.m.c.i.embedder.EclipseLogger - skip non existing resourceDirectory C:\hcljava\uttam1\EmployShow\src\main\resources
2019-08-28 12:00:09,895 [Worker-110] INFO  o.e.m.c.i.embedder.EclipseLogger - Using 'UTF-8' encoding to copy filtered resources.
2019-08-28 12:00:09,901 [Worker-110] INFO  o.e.m.c.i.embedder.EclipseLogger - skip non existing resourceDirectory C:\hcljava\uttam1\EmployShow\src\test\resources
2019-08-28 12:01:56,168 [Worker-113] INFO  o.e.m.c.i.embedder.EclipseLogger - Using 'UTF-8' encoding to copy filtered resources.
2019-08-28 12:01:56,174 [Worker-113] INFO  o.e.m.c.i.embedder.EclipseLogger - skip non existing resourceDirectory C:\hcljava\uttam1\EmployShow\src\main\resources
2019-08-28 12:01:56,181 [Worker-113] INFO  o.e.m.c.i.embedder.EclipseLogger - Using 'UTF-8' encoding to copy filtered resources.
2019-08-28 12:01:56,188 [Worker-113] INFO  o.e.m.c.i.embedder.EclipseLogger - skip non existing resourceDirectory C:\hcljava\uttam1\EmployShow\src\test\resources
2019-08-28 12:01:58,932 [Worker-115] INFO  o.e.m.c.i.embedder.EclipseLogger - Using 'UTF-8' encoding to copy filtered resources.
2019-08-28 12:01:58,932 [Worker-115] INFO  o.e.m.c.i.embedder.EclipseLogger - skip non existing resourceDirectory C:\hcljava\uttam1\EmployShow\src\main\resources
2019-08-28 12:01:58,933 [Worker-115] INFO  o.e.m.c.i.embedder.EclipseLogger - Using 'UTF-8' encoding to copy filtered resources.
2019-08-28 12:01:58,938 [Worker-115] INFO  o.e.m.c.i.embedder.EclipseLogger - skip non existing resourceDirectory C:\hcljava\uttam1\EmployShow\src\test\resources
2019-08-28 12:04:35,711 [Worker-113] INFO  o.e.m.c.i.l.LifecycleMappingFactory - Using org.eclipse.m2e.jdt.JarLifecycleMapping lifecycle mapping for MavenProject: hcl:EmployShow:0.0.1-SNAPSHOT @ C:\hcljava\uttam1\EmployShow\pom.xml.
2019-08-28 12:04:35,936 [Worker-113] INFO  o.e.m.c.i.embedder.EclipseLogger - Using 'UTF-8' encoding to copy filtered resources.
2019-08-28 12:04:35,941 [Worker-113] INFO  o.e.m.c.i.embedder.EclipseLogger - skip non existing resourceDirectory C:\hcljava\uttam1\EmployShow\src\main\resources
2019-08-28 12:04:35,947 [Worker-113] INFO  o.e.m.c.i.embedder.EclipseLogger - Using 'UTF-8' encoding to copy filtered resources.
2019-08-28 12:04:35,947 [Worker-113] INFO  o.e.m.c.i.embedder.EclipseLogger - skip non existing resourceDirectory C:\hcljava\uttam1\EmployShow\src\test\resources
2019-08-28 12:04:37,225 [Worker-111] INFO  o.e.m.c.i.embedder.EclipseLogger - Using 'UTF-8' encoding to copy filtered resources.
2019-08-28 12:04:37,225 [Worker-111] INFO  o.e.m.c.i.embedder.EclipseLogger - skip non existing resourceDirectory C:\hcljava\uttam1\EmployShow\src\main\resources
2019-08-28 12:04:37,232 [Worker-111] INFO  o.e.m.c.i.embedder.EclipseLogger - Using 'UTF-8' encoding to copy filtered resources.
2019-08-28 12:04:37,240 [Worker-111] INFO  o.e.m.c.i.embedder.EclipseLogger - skip non existing resourceDirectory C:\hcljava\uttam1\EmployShow\src\test\resources
2019-08-28 12:04:56,841 [Worker-111] INFO  o.e.m.c.i.l.LifecycleMappingFactory - Using org.eclipse.m2e.jdt.JarLifecycleMapping lifecycle mapping for MavenProject: hcl:DepartmentInsert:0.0.1-SNAPSHOT @ C:\hcljava\uttam1\DepartmentInsert\pom.xml.
2019-08-28 12:06:40,553 [Worker-114] INFO  o.e.m.c.i.l.LifecycleMappingFactory - Using org.eclipse.m2e.jdt.JarLifecycleMapping lifecycle mapping for MavenProject: hcl:DepartmentInsert:0.0.1-SNAPSHOT @ C:\hcljava\uttam1\DepartmentInsert\pom.xml.
2019-08-28 12:06:40,632 [Worker-114] INFO  o.e.m.c.i.embedder.EclipseLogger - Using 'UTF-8' encoding to copy filtered resources.
2019-08-28 12:06:40,639 [Worker-114] INFO  o.e.m.c.i.embedder.EclipseLogger - skip non existing resourceDirectory C:\hcljava\uttam1\DepartmentInsert\src\main\resources
2019-08-28 12:06:40,645 [Worker-114] INFO  o.e.m.c.i.embedder.EclipseLogger - Using 'UTF-8' encoding to copy filtered resources.
2019-08-28 12:06:40,645 [Worker-114] INFO  o.e.m.c.i.embedder.EclipseLogger - skip non existing resourceDirectory C:\hcljava\uttam1\DepartmentInsert\src\test\resources
2019-08-28 12:06:41,869 [Worker-111] INFO  o.e.m.c.i.embedder.EclipseLogger - Using 'UTF-8' encoding to copy filtered resources.
2019-08-28 12:06:41,869 [Worker-111] INFO  o.e.m.c.i.embedder.EclipseLogger - skip non existing resourceDirectory C:\hcljava\uttam1\DepartmentInsert\src\main\resources
2019-08-28 12:06:41,870 [Worker-111] INFO  o.e.m.c.i.embedder.EclipseLogger - Using 'UTF-8' encoding to copy filtered resources.
2019-08-28 12:06:41,870 [Worker-111] INFO  o.e.m.c.i.embedder.EclipseLogger - skip non existing resourceDirectory C:\hcljava\uttam1\DepartmentInsert\src\test\resources
2019-08-28 12:10:30,919 [Worker-120] INFO  o.e.m.c.i.embedder.EclipseLogger - Using 'UTF-8' encoding to copy filtered resources.
2019-08-28 12:10:30,919 [Worker-120] INFO  o.e.m.c.i.embedder.EclipseLogger - skip non existing resourceDirectory C:\hcljava\uttam1\EmployShow\src\main\resources
2019-08-28 12:10:30,920 [Worker-120] INFO  o.e.m.c.i.embedder.EclipseLogger - Using 'UTF-8' encoding to copy filtered resources.
2019-08-28 12:10:30,920 [Worker-120] INFO  o.e.m.c.i.embedder.EclipseLogger - skip non existing resourceDirectory C:\hcljava\uttam1\EmployShow\src\test\resources
2019-08-28 12:11:19,651 [Worker-120] INFO  o.e.m.c.i.p.ProjectConfigurationManager - Collecting project info '/pom.xml' C:\hcljava\uttam1\DepartmentShow\pom.xml
2019-08-28 12:11:19,785 [Worker-120] INFO  o.e.m.c.i.l.LifecycleMappingFactory - Using org.eclipse.m2e.jdt.JarLifecycleMapping lifecycle mapping for MavenProject: hcl:DepartmentShow:0.0.1-SNAPSHOT @ C:\hcljava\uttam1\DepartmentShow\pom.xml.
2019-08-28 12:11:19,977 [Worker-120] INFO  o.e.m.j.i.AbstractJavaProjectConfigurator - Adding source folder /DepartmentShow/src/main/java
2019-08-28 12:11:19,988 [Worker-120] INFO  o.e.m.j.i.AbstractJavaProjectConfigurator - Adding source folder /DepartmentShow/src/test/java
2019-08-28 12:11:20,043 [Worker-120] INFO  o.e.m.c.i.p.ProjectConfigurationManager - Imported and configured 1 project(s) in 0 sec
2019-08-28 12:11:20,312 [Worker-119] INFO  o.e.m.c.i.embedder.EclipseLogger - Using 'UTF-8' encoding to copy filtered resources.
2019-08-28 12:11:20,317 [Worker-119] INFO  o.e.m.c.i.embedder.EclipseLogger - skip non existing resourceDirectory C:\hcljava\uttam1\DepartmentShow\src\main\resources
2019-08-28 12:11:20,318 [Worker-119] INFO  o.e.m.c.i.embedder.EclipseLogger - Using 'UTF-8' encoding to copy filtered resources.
2019-08-28 12:11:20,323 [Worker-119] INFO  o.e.m.c.i.embedder.EclipseLogger - skip non existing resourceDirectory C:\hcljava\uttam1\DepartmentShow\src\test\resources
2019-08-28 12:11:58,774 [Worker-119] INFO  o.e.m.c.i.l.LifecycleMappingFactory - Using org.eclipse.m2e.jdt.JarLifecycleMapping lifecycle mapping for MavenProject: hcl:DepartmentShow:0.0.1-SNAPSHOT @ C:\hcljava\uttam1\DepartmentShow\pom.xml.
2019-08-28 12:11:58,971 [Worker-119] INFO  o.e.m.c.i.embedder.EclipseLogger - Using 'UTF-8' encoding to copy filtered resources.
2019-08-28 12:11:58,971 [Worker-119] INFO  o.e.m.c.i.embedder.EclipseLogger - skip non existing resourceDirectory C:\hcljava\uttam1\DepartmentShow\src\main\resources
2019-08-28 12:11:58,977 [Worker-119] INFO  o.e.m.c.i.embedder.EclipseLogger - Using 'UTF-8' encoding to copy filtered resources.
2019-08-28 12:11:58,982 [Worker-119] INFO  o.e.m.c.i.embedder.EclipseLogger - skip non existing resourceDirectory C:\hcljava\uttam1\DepartmentShow\src\test\resources
2019-08-28 12:12:00,285 [Worker-122] INFO  o.e.m.c.i.embedder.EclipseLogger - Using 'UTF-8' encoding to copy filtered resources.
2019-08-28 12:12:00,285 [Worker-122] INFO  o.e.m.c.i.embedder.EclipseLogger - skip non existing resourceDirectory C:\hcljava\uttam1\DepartmentShow\src\main\resources
2019-08-28 12:12:00,291 [Worker-122] INFO  o.e.m.c.i.embedder.EclipseLogger - Using 'UTF-8' encoding to copy filtered resources.
2019-08-28 12:12:00,297 [Worker-122] INFO  o.e.m.c.i.embedder.EclipseLogger - skip non existing resourceDirectory C:\hcljava\uttam1\DepartmentShow\src\test\resources
2019-08-28 12:12:48,934 [Worker-118] INFO  o.e.m.c.i.embedder.EclipseLogger - Using 'UTF-8' encoding to copy filtered resources.
2019-08-28 12:12:48,934 [Worker-118] INFO  o.e.m.c.i.embedder.EclipseLogger - skip non existing resourceDirectory C:\hcljava\uttam1\DepartmentShow\src\main\resources
2019-08-28 12:12:48,942 [Worker-118] INFO  o.e.m.c.i.embedder.EclipseLogger - Using 'UTF-8' encoding to copy filtered resources.
2019-08-28 12:12:48,947 [Worker-118] INFO  o.e.m.c.i.embedder.EclipseLogger - skip non existing resourceDirectory C:\hcljava\uttam1\DepartmentShow\src\test\resources
2019-08-28 12:13:00,179 [Worker-118] INFO  o.e.m.c.i.embedder.EclipseLogger - Using 'UTF-8' encoding to copy filtered resources.
2019-08-28 12:13:00,179 [Worker-118] INFO  o.e.m.c.i.embedder.EclipseLogger - skip non existing resourceDirectory C:\hcljava\uttam1\DepartmentShow\src\main\resources
2019-08-28 12:13:00,191 [Worker-118] INFO  o.e.m.c.i.embedder.EclipseLogger - Using 'UTF-8' encoding to copy filtered resources.
2019-08-28 12:13:00,198 [Worker-118] INFO  o.e.m.c.i.embedder.EclipseLogger - skip non existing resourceDirectory C:\hcljava\uttam1\DepartmentShow\src\test\resources
2019-08-28 12:13:15,072 [Worker-123] INFO  o.e.m.c.i.embedder.EclipseLogger - Using 'UTF-8' encoding to copy filtered resources.
2019-08-28 12:13:15,072 [Worker-123] INFO  o.e.m.c.i.embedder.EclipseLogger - skip non existing resourceDirectory C:\hcljava\uttam1\DepartmentShow\src\main\resources
2019-08-28 12:13:15,078 [Worker-123] INFO  o.e.m.c.i.embedder.EclipseLogger - Using 'UTF-8' encoding to copy filtered resources.
2019-08-28 12:13:15,084 [Worker-123] INFO  o.e.m.c.i.embedder.EclipseLogger - skip non existing resourceDirectory C:\hcljava\uttam1\DepartmentShow\src\test\resources
2019-08-28 12:13:37,237 [Worker-120] INFO  o.e.m.c.i.embedder.EclipseLogger - Using 'UTF-8' encoding to copy filtered resources.
2019-08-28 12:13:37,237 [Worker-120] INFO  o.e.m.c.i.embedder.EclipseLogger - skip non existing resourceDirectory C:\hcljava\uttam1\DepartmentShow\src\main\resources
2019-08-28 12:13:37,244 [Worker-120] INFO  o.e.m.c.i.embedder.EclipseLogger - Using 'UTF-8' encoding to copy filtered resources.
2019-08-28 12:13:37,251 [Worker-120] INFO  o.e.m.c.i.embedder.EclipseLogger - skip non existing resourceDirectory C:\hcljava\uttam1\DepartmentShow\src\test\resources
2019-08-28 12:18:36,194 [Worker-120] INFO  o.e.m.c.i.embedder.EclipseLogger - Using 'UTF-8' encoding to copy filtered resources.
2019-08-28 12:18:36,194 [Worker-120] INFO  o.e.m.c.i.embedder.EclipseLogger - skip non existing resourceDirectory C:\hcljava\uttam1\DepartmentShow\src\main\resources
2019-08-28 12:18:36,200 [Worker-120] INFO  o.e.m.c.i.embedder.EclipseLogger - Using 'UTF-8' encoding to copy filtered resources.
2019-08-28 12:18:36,205 [Worker-120] INFO  o.e.m.c.i.embedder.EclipseLogger - skip non existing resourceDirectory C:\hcljava\uttam1\DepartmentShow\src\test\resources
2019-08-28 12:22:43,869 [Worker-111] INFO  o.e.m.c.i.embedder.EclipseLogger - Using 'UTF-8' encoding to copy filtered resources.
2019-08-28 12:22:43,869 [Worker-111] INFO  o.e.m.c.i.embedder.EclipseLogger - skip non existing resourceDirectory C:\hcljava\uttam1\EmployShow\src\main\resources
2019-08-28 12:22:43,876 [Worker-111] INFO  o.e.m.c.i.embedder.EclipseLogger - Using 'UTF-8' encoding to copy filtered resources.
2019-08-28 12:22:43,882 [Worker-111] INFO  o.e.m.c.i.embedder.EclipseLogger - skip non existing resourceDirectory C:\hcljava\uttam1\EmployShow\src\test\resources
2019-08-28 12:24:38,679 [Worker-121] INFO  o.e.m.c.i.embedder.EclipseLogger - Using 'UTF-8' encoding to copy filtered resources.
2019-08-28 12:24:38,679 [Worker-121] INFO  o.e.m.c.i.embedder.EclipseLogger - skip non existing resourceDirectory C:\hcljava\uttam1\DepartmentShow\src\main\resources
2019-08-28 12:24:38,686 [Worker-121] INFO  o.e.m.c.i.embedder.EclipseLogger - Using 'UTF-8' encoding to copy filtered resources.
2019-08-28 12:24:38,691 [Worker-121] INFO  o.e.m.c.i.embedder.EclipseLogger - skip non existing resourceDirectory C:\hcljava\uttam1\DepartmentShow\src\test\resources
2019-08-28 12:25:10,234 [Worker-120] INFO  o.e.m.c.i.embedder.EclipseLogger - Using 'UTF-8' encoding to copy filtered resources.
2019-08-28 12:25:10,234 [Worker-120] INFO  o.e.m.c.i.embedder.EclipseLogger - skip non existing resourceDirectory C:\hcljava\uttam1\EmployShow\src\main\resources
2019-08-28 12:25:10,240 [Worker-120] INFO  o.e.m.c.i.embedder.EclipseLogger - Using 'UTF-8' encoding to copy filtered resources.
2019-08-28 12:25:10,245 [Worker-120] INFO  o.e.m.c.i.embedder.EclipseLogger - skip non existing resourceDirectory C:\hcljava\uttam1\EmployShow\src\test\resources
2019-08-28 12:25:21,971 [Worker-125] INFO  o.e.m.c.i.embedder.EclipseLogger - Using 'UTF-8' encoding to copy filtered resources.
2019-08-28 12:25:21,971 [Worker-125] INFO  o.e.m.c.i.embedder.EclipseLogger - skip non existing resourceDirectory C:\hcljava\uttam1\EmployShow\src\main\resources
2019-08-28 12:25:21,977 [Worker-125] INFO  o.e.m.c.i.embedder.EclipseLogger - Using 'UTF-8' encoding to copy filtered resources.
2019-08-28 12:25:21,982 [Worker-125] INFO  o.e.m.c.i.embedder.EclipseLogger - skip non existing resourceDirectory C:\hcljava\uttam1\EmployShow\src\test\resources
2019-08-28 12:25:49,249 [Worker-125] INFO  o.e.m.c.i.embedder.EclipseLogger - Using 'UTF-8' encoding to copy filtered resources.
2019-08-28 12:25:49,249 [Worker-125] INFO  o.e.m.c.i.embedder.EclipseLogger - skip non existing resourceDirectory C:\hcljava\uttam1\EmployShow\src\main\resources
2019-08-28 12:25:49,256 [Worker-125] INFO  o.e.m.c.i.embedder.EclipseLogger - Using 'UTF-8' encoding to copy filtered resources.
2019-08-28 12:25:49,261 [Worker-125] INFO  o.e.m.c.i.embedder.EclipseLogger - skip non existing resourceDirectory C:\hcljava\uttam1\EmployShow\src\test\resources
2019-08-28 12:26:04,695 [Worker-116] INFO  o.e.m.c.i.embedder.EclipseLogger - Using 'UTF-8' encoding to copy filtered resources.
2019-08-28 12:26:04,696 [Worker-116] INFO  o.e.m.c.i.embedder.EclipseLogger - skip non existing resourceDirectory C:\hcljava\uttam1\DepartmentShow\src\main\resources
2019-08-28 12:26:04,702 [Worker-116] INFO  o.e.m.c.i.embedder.EclipseLogger - Using 'UTF-8' encoding to copy filtered resources.
2019-08-28 12:26:04,709 [Worker-116] INFO  o.e.m.c.i.embedder.EclipseLogger - skip non existing resourceDirectory C:\hcljava\uttam1\DepartmentShow\src\test\resources
2019-08-28 12:26:47,080 [Worker-125] INFO  o.e.m.c.i.embedder.EclipseLogger - Using 'UTF-8' encoding to copy filtered resources.
2019-08-28 12:26:47,080 [Worker-125] INFO  o.e.m.c.i.embedder.EclipseLogger - skip non existing resourceDirectory C:\hcljava\uttam1\DepartmentShow\src\main\resources
2019-08-28 12:26:47,087 [Worker-125] INFO  o.e.m.c.i.embedder.EclipseLogger - Using 'UTF-8' encoding to copy filtered resources.
2019-08-28 12:26:47,092 [Worker-125] INFO  o.e.m.c.i.embedder.EclipseLogger - skip non existing resourceDirectory C:\hcljava\uttam1\DepartmentShow\src\test\resources
2019-08-28 12:27:48,227 [Worker-125] INFO  o.e.m.c.i.embedder.EclipseLogger - Using 'UTF-8' encoding to copy filtered resources.
2019-08-28 12:27:48,227 [Worker-125] INFO  o.e.m.c.i.embedder.EclipseLogger - skip non existing resourceDirectory C:\hcljava\uttam1\DepartmentShow\src\main\resources
2019-08-28 12:27:48,232 [Worker-125] INFO  o.e.m.c.i.embedder.EclipseLogger - Using 'UTF-8' encoding to copy filtered resources.
2019-08-28 12:27:48,237 [Worker-125] INFO  o.e.m.c.i.embedder.EclipseLogger - skip non existing resourceDirectory C:\hcljava\uttam1\DepartmentShow\src\test\resources
2019-08-28 12:28:15,764 [Worker-122] INFO  o.e.m.c.i.embedder.EclipseLogger - Using 'UTF-8' encoding to copy filtered resources.
2019-08-28 12:28:15,764 [Worker-122] INFO  o.e.m.c.i.embedder.EclipseLogger - skip non existing resourceDirectory C:\hcljava\uttam1\DepartmentShow\src\main\resources
2019-08-28 12:28:15,770 [Worker-122] INFO  o.e.m.c.i.embedder.EclipseLogger - Using 'UTF-8' encoding to copy filtered resources.
2019-08-28 12:28:15,775 [Worker-122] INFO  o.e.m.c.i.embedder.EclipseLogger - skip non existing resourceDirectory C:\hcljava\uttam1\DepartmentShow\src\test\resources
2019-08-28 12:28:50,896 [Worker-119] INFO  o.e.m.c.i.embedder.EclipseLogger - Using 'UTF-8' encoding to copy filtered resources.
2019-08-28 12:28:50,897 [Worker-119] INFO  o.e.m.c.i.embedder.EclipseLogger - skip non existing resourceDirectory C:\hcljava\uttam1\DepartmentShow\src\main\resources
2019-08-28 12:28:50,903 [Worker-119] INFO  o.e.m.c.i.embedder.EclipseLogger - Using 'UTF-8' encoding to copy filtered resources.
2019-08-28 12:28:50,908 [Worker-119] INFO  o.e.m.c.i.embedder.EclipseLogger - skip non existing resourceDirectory C:\hcljava\uttam1\DepartmentShow\src\test\resources
2019-08-28 12:32:20,425 [Worker-121] INFO  o.e.m.c.i.embedder.EclipseLogger - Using 'UTF-8' encoding to copy filtered resources.
2019-08-28 12:32:20,426 [Worker-121] INFO  o.e.m.c.i.embedder.EclipseLogger - skip non existing resourceDirectory C:\hcljava\uttam1\DepartmentShow\src\main\resources
2019-08-28 12:32:20,432 [Worker-121] INFO  o.e.m.c.i.embedder.EclipseLogger - Using 'UTF-8' encoding to copy filtered resources.
2019-08-28 12:32:20,438 [Worker-121] INFO  o.e.m.c.i.embedder.EclipseLogger - skip non existing resourceDirectory C:\hcljava\uttam1\DepartmentShow\src\test\resources
2019-08-28 12:32:53,998 [Worker-119] INFO  o.e.m.c.i.embedder.EclipseLogger - Using 'UTF-8' encoding to copy filtered resources.
2019-08-28 12:32:53,998 [Worker-119] INFO  o.e.m.c.i.embedder.EclipseLogger - skip non existing resourceDirectory C:\hcljava\uttam1\DepartmentShow\src\main\resources
2019-08-28 12:32:54,008 [Worker-119] INFO  o.e.m.c.i.embedder.EclipseLogger - Using 'UTF-8' encoding to copy filtered resources.
2019-08-28 12:32:54,015 [Worker-119] INFO  o.e.m.c.i.embedder.EclipseLogger - skip non existing resourceDirectory C:\hcljava\uttam1\DepartmentShow\src\test\resources
